<?xml version="1.0" encoding="UTF-8"?>
<!-- Generated by org.testng.reporters.JUnitReportReporter -->
<testsuite hostname="DESKTOP-8DOC48E" failures="0" tests="3" name="testRunner.AppTest" time="56.561" errors="0" timestamp="2024-12-18T16:12:48 IST" skipped="0">
  <testcase classname="testRunner.AppTest" name="runScenario" time="17.565"/>
  <testcase classname="testRunner.AppTest" name="runScenario" time="22.004"/>
  <testcase classname="testRunner.AppTest" name="runScenario" time="16.992"/>
</testsuite> <!-- testRunner.AppTest -->
