<?xml version="1.0" encoding="UTF-8"?>
<!-- Generated by org.testng.reporters.JUnitReportReporter -->
<testsuite hostname="DESKTOP-8DOC48E" failures="0" tests="1" name="driverFactory.AppTest" time="38.578" errors="0" timestamp="2024-12-31T16:01:11 IST" skipped="0">
  <testcase classname="driverFactory.AppTest" name="kickStart" time="38.578">
    <system-out>
      <![CDATA[Stock-000000023      Stock-000000023]]>
    </system-out>
  </testcase> <!-- kickStart -->
  <system-out>
    <![CDATA[Stock-000000023      Stock-000000023]]>
  </system-out>
</testsuite> <!-- driverFactory.AppTest -->
